2015-03-10 17:40:10 Error: [MissingControllerException] Controller class Deka2Controller could not be found.
Exception Attributes: array (
  'class' => 'Deka2Controller',
  'plugin' => NULL,
)
Request URL: /caketemplate/source/public/deka2/
Stack Trace:
#0 /opt/local/apache2/htdocs/caketemplate/source/public/webroot/index.php(110): Dispatcher->dispatch(Object(CakeRequest), Object(CakeResponse))
#1 {main}
2015-03-10 17:40:12 Error: [MissingControllerException] Controller class CaketemplateController could not be found.
Exception Attributes: array (
  'class' => 'CaketemplateController',
  'plugin' => NULL,
)
Request URL: /caketemplate/source/public/caketemplate/source/public/favicon.ico
Stack Trace:
#0 /opt/local/apache2/htdocs/caketemplate/source/public/webroot/index.php(110): Dispatcher->dispatch(Object(CakeRequest), Object(CakeResponse))
#1 {main}
2015-03-14 07:37:10 Error: [MissingControllerException] Controller class Deka2Controller could not be found.
Exception Attributes: array (
  'class' => 'Deka2Controller',
  'plugin' => NULL,
)
Request URL: /caketemplate/source/public/deka2/
Stack Trace:
#0 /opt/local/apache2/htdocs/caketemplate/source/public/webroot/index.php(110): Dispatcher->dispatch(Object(CakeRequest), Object(CakeResponse))
#1 {main}
2015-03-14 07:53:14 Error: [MissingControllerException] Controller class Deka2Controller could not be found.
Exception Attributes: array (
  'class' => 'Deka2Controller',
  'plugin' => NULL,
)
Request URL: /caketemplate/source/public/deka2/
Stack Trace:
#0 /opt/local/apache2/htdocs/caketemplate/source/public/webroot/index.php(110): Dispatcher->dispatch(Object(CakeRequest), Object(CakeResponse))
#1 {main}
2015-03-14 07:59:16 Error: [MissingControllerException] Controller class Deka2Controller could not be found.
Exception Attributes: array (
  'class' => 'Deka2Controller',
  'plugin' => NULL,
)
Request URL: /caketemplate/source/public/deka2/
Stack Trace:
#0 /opt/local/apache2/htdocs/caketemplate/source/public/webroot/index.php(110): Dispatcher->dispatch(Object(CakeRequest), Object(CakeResponse))
#1 {main}
2015-03-14 07:59:24 Error: [MissingControllerException] Controller class Deka2Controller could not be found.
Exception Attributes: array (
  'class' => 'Deka2Controller',
  'plugin' => NULL,
)
Request URL: /caketemplate/source/public/deka2/
Stack Trace:
#0 /opt/local/apache2/htdocs/caketemplate/source/public/webroot/index.php(110): Dispatcher->dispatch(Object(CakeRequest), Object(CakeResponse))
#1 {main}
2015-03-14 08:01:00 Error: [MissingControllerException] Controller class Deka2Controller could not be found.
Exception Attributes: array (
  'class' => 'Deka2Controller',
  'plugin' => NULL,
)
Request URL: /deka2/deka2/favicon.ico
Stack Trace:
#0 /opt/local/apache2/htdocs/caketemplate/source/public/webroot/index.php(110): Dispatcher->dispatch(Object(CakeRequest), Object(CakeResponse))
#1 {main}
2015-03-14 08:41:21 Error: [MissingActionException] Action UsersController::admin_login() could not be found.
Exception Attributes: array (
  'controller' => 'UsersController',
  'action' => 'admin_login',
)
Request URL: /deka2/admin/users/login
Stack Trace:
#0 /opt/local/apache2/htdocs/caketemplate/source/public/Vendor/pear-pear.cakephp.org/CakePHP/Cake/Routing/Dispatcher.php(191): Controller->invokeAction(Object(CakeRequest))
#1 /opt/local/apache2/htdocs/caketemplate/source/public/Vendor/pear-pear.cakephp.org/CakePHP/Cake/Routing/Dispatcher.php(165): Dispatcher->_invoke(Object(UsersController), Object(CakeRequest))
#2 /opt/local/apache2/htdocs/caketemplate/source/public/webroot/index.php(110): Dispatcher->dispatch(Object(CakeRequest), Object(CakeResponse))
#3 {main}
2015-03-14 08:41:26 Error: [MissingActionException] Action UsersController::admin_login() could not be found.
Exception Attributes: array (
  'controller' => 'UsersController',
  'action' => 'admin_login',
)
Request URL: /deka2/admin/users/login
Stack Trace:
#0 /opt/local/apache2/htdocs/caketemplate/source/public/Vendor/pear-pear.cakephp.org/CakePHP/Cake/Routing/Dispatcher.php(191): Controller->invokeAction(Object(CakeRequest))
#1 /opt/local/apache2/htdocs/caketemplate/source/public/Vendor/pear-pear.cakephp.org/CakePHP/Cake/Routing/Dispatcher.php(165): Dispatcher->_invoke(Object(UsersController), Object(CakeRequest))
#2 /opt/local/apache2/htdocs/caketemplate/source/public/webroot/index.php(110): Dispatcher->dispatch(Object(CakeRequest), Object(CakeResponse))
#3 {main}
2015-04-02 16:36:07 Error: [MissingControllerException] Controller class Deka2Controller could not be found.
Exception Attributes: array (
  'class' => 'Deka2Controller',
  'plugin' => NULL,
)
Request URL: /deka2/deka2/favicon.ico
Stack Trace:
#0 /opt/local/apache2/htdocs/caketemplate/source/public/webroot/index.php(110): Dispatcher->dispatch(Object(CakeRequest), Object(CakeResponse))
#1 {main}
2015-04-07 15:39:26 Error: [MissingControllerException] Controller class Deka2Controller could not be found.
Exception Attributes: array (
  'class' => 'Deka2Controller',
  'plugin' => NULL,
)
Request URL: /deka2/deka2/favicon.ico
Stack Trace:
#0 /opt/local/apache2/htdocs/caketemplate/source/public/webroot/index.php(110): Dispatcher->dispatch(Object(CakeRequest), Object(CakeResponse))
#1 {main}
2015-04-07 15:51:15 Error: [MissingActionException] Action UsersController::admin_login() could not be found.
Exception Attributes: array (
  'controller' => 'UsersController',
  'action' => 'admin_login',
)
Request URL: /deka2/admin/users/login
Stack Trace:
#0 /opt/local/apache2/htdocs/caketemplate/source/public/Vendor/pear-pear.cakephp.org/CakePHP/Cake/Routing/Dispatcher.php(191): Controller->invokeAction(Object(CakeRequest))
#1 /opt/local/apache2/htdocs/caketemplate/source/public/Vendor/pear-pear.cakephp.org/CakePHP/Cake/Routing/Dispatcher.php(165): Dispatcher->_invoke(Object(UsersController), Object(CakeRequest))
#2 /opt/local/apache2/htdocs/caketemplate/source/public/webroot/index.php(110): Dispatcher->dispatch(Object(CakeRequest), Object(CakeResponse))
#3 {main}
2015-04-07 15:51:20 Error: [MissingActionException] Action UsersController::admin_login() could not be found.
Exception Attributes: array (
  'controller' => 'UsersController',
  'action' => 'admin_login',
)
Request URL: /deka2/admin/users/login
Stack Trace:
#0 /opt/local/apache2/htdocs/caketemplate/source/public/Vendor/pear-pear.cakephp.org/CakePHP/Cake/Routing/Dispatcher.php(191): Controller->invokeAction(Object(CakeRequest))
#1 /opt/local/apache2/htdocs/caketemplate/source/public/Vendor/pear-pear.cakephp.org/CakePHP/Cake/Routing/Dispatcher.php(165): Dispatcher->_invoke(Object(UsersController), Object(CakeRequest))
#2 /opt/local/apache2/htdocs/caketemplate/source/public/webroot/index.php(110): Dispatcher->dispatch(Object(CakeRequest), Object(CakeResponse))
#3 {main}
2015-04-07 16:15:17 Error: [MissingTableException] Table laws for model Law was not found in datasource default.
Exception Attributes: array (
  'table' => 'laws',
  'class' => 'Law',
  'ds' => 'default',
)
Request URL: /deka2/admin/laws
Stack Trace:
#0 /opt/local/apache2/htdocs/caketemplate/source/public/Vendor/pear-pear.cakephp.org/CakePHP/Cake/Model/Model.php(3501): Model->setSource('laws')
#1 /opt/local/apache2/htdocs/caketemplate/source/public/Vendor/pear-pear.cakephp.org/CakePHP/Cake/Model/Model.php(2905): Model->getDataSource()
#2 /opt/local/apache2/htdocs/caketemplate/source/public/Vendor/pear-pear.cakephp.org/CakePHP/Cake/Model/Model.php(2877): Model->_readDataSource('all', Array)
#3 /opt/local/apache2/htdocs/caketemplate/source/public/Vendor/pear-pear.cakephp.org/CakePHP/Cake/Controller/Component/PaginatorComponent.php(196): Model->find('all', Array)
#4 /opt/local/apache2/htdocs/caketemplate/source/public/Controller/LawsController.php(26): PaginatorComponent->paginate()
#5 [internal function]: LawsController->admin_index()
#6 /opt/local/apache2/htdocs/caketemplate/source/public/Vendor/pear-pear.cakephp.org/CakePHP/Cake/Controller/Controller.php(490): ReflectionMethod->invokeArgs(Object(LawsController), Array)
#7 /opt/local/apache2/htdocs/caketemplate/source/public/Vendor/pear-pear.cakephp.org/CakePHP/Cake/Routing/Dispatcher.php(191): Controller->invokeAction(Object(CakeRequest))
#8 /opt/local/apache2/htdocs/caketemplate/source/public/Vendor/pear-pear.cakephp.org/CakePHP/Cake/Routing/Dispatcher.php(165): Dispatcher->_invoke(Object(LawsController), Object(CakeRequest))
#9 /opt/local/apache2/htdocs/caketemplate/source/public/webroot/index.php(110): Dispatcher->dispatch(Object(CakeRequest), Object(CakeResponse))
#10 {main}
2015-04-07 16:15:17 Error: Fatal Error (1): Call to a member function getTrace() on null in [/opt/local/apache2/htdocs/caketemplate/source/public/Vendor/pear-pear.cakephp.org/CakePHP/Cake/View/Elements/exception_stack_trace.ctp, line 24]
2015-04-07 16:15:17 Error: [FatalErrorException] Call to a member function getTrace() on null
Request URL: /deka2/admin/laws
Stack Trace:
#0 /opt/local/apache2/htdocs/caketemplate/source/public/Vendor/pear-pear.cakephp.org/CakePHP/Cake/Error/ErrorHandler.php(203): ErrorHandler::handleFatalError(1, 'Call to a membe...', '/opt/local/apac...', 24)
#1 [internal function]: ErrorHandler::handleError(1, 'Call to a membe...', '/opt/local/apac...', 24, Array)
#2 /opt/local/apache2/htdocs/caketemplate/source/public/Vendor/pear-pear.cakephp.org/CakePHP/Cake/Core/App.php(929): call_user_func('ErrorHandler::h...', 1, 'Call to a membe...', '/opt/local/apac...', 24, Array)
#3 /opt/local/apache2/htdocs/caketemplate/source/public/Vendor/pear-pear.cakephp.org/CakePHP/Cake/Core/App.php(902): App::_checkFatalError()
#4 [internal function]: App::shutdown()
#5 {main}
2015-04-07 16:16:01 Error: [MissingViewException] View file "/opt/local/apache2/htdocs/caketemplate/source/public/View/Laws/admin_index.ctp" is missing.
Exception Attributes: array (
  'file' => '/opt/local/apache2/htdocs/caketemplate/source/public/View/Laws/admin_index.ctp',
)
Request URL: /deka2/admin/laws
Stack Trace:
#0 /opt/local/apache2/htdocs/caketemplate/source/public/Vendor/pear-pear.cakephp.org/CakePHP/Cake/View/View.php(468): View->_getViewFileName(NULL)
#1 /opt/local/apache2/htdocs/caketemplate/source/public/Vendor/pear-pear.cakephp.org/CakePHP/Cake/Controller/Controller.php(954): View->render(NULL, NULL)
#2 /opt/local/apache2/htdocs/caketemplate/source/public/Vendor/pear-pear.cakephp.org/CakePHP/Cake/Routing/Dispatcher.php(198): Controller->render()
#3 /opt/local/apache2/htdocs/caketemplate/source/public/Vendor/pear-pear.cakephp.org/CakePHP/Cake/Routing/Dispatcher.php(165): Dispatcher->_invoke(Object(LawsController), Object(CakeRequest))
#4 /opt/local/apache2/htdocs/caketemplate/source/public/webroot/index.php(110): Dispatcher->dispatch(Object(CakeRequest), Object(CakeResponse))
#5 {main}
2015-04-07 17:07:19 Error: [MissingActionException] Action LawsController::admin_edit() could not be found.
Exception Attributes: array (
  'controller' => 'LawsController',
  'action' => 'admin_edit',
)
Request URL: /deka2/admin/laws/edit/1
Stack Trace:
#0 /opt/local/apache2/htdocs/caketemplate/source/public/Vendor/pear-pear.cakephp.org/CakePHP/Cake/Routing/Dispatcher.php(191): Controller->invokeAction(Object(CakeRequest))
#1 /opt/local/apache2/htdocs/caketemplate/source/public/Vendor/pear-pear.cakephp.org/CakePHP/Cake/Routing/Dispatcher.php(165): Dispatcher->_invoke(Object(LawsController), Object(CakeRequest))
#2 /opt/local/apache2/htdocs/caketemplate/source/public/webroot/index.php(110): Dispatcher->dispatch(Object(CakeRequest), Object(CakeResponse))
#3 {main}
2015-04-08 14:23:38 Error: [MissingControllerException] Controller class UsersController could not be found.
Exception Attributes: array (
  'class' => 'UsersController',
  'plugin' => 'Acl',
)
Request URL: /deka2/acl/users/login
Stack Trace:
#0 /opt/local/apache2/htdocs/caketemplate/source/public/webroot/index.php(110): Dispatcher->dispatch(Object(CakeRequest), Object(CakeResponse))
#1 {main}
2015-04-08 14:23:56 Error: [MissingControllerException] Controller class UsersController could not be found.
Exception Attributes: array (
  'class' => 'UsersController',
  'plugin' => 'Acl',
)
Request URL: /deka2/acl/users/login
Stack Trace:
#0 /opt/local/apache2/htdocs/caketemplate/source/public/webroot/index.php(110): Dispatcher->dispatch(Object(CakeRequest), Object(CakeResponse))
#1 {main}
2015-04-08 14:24:04 Error: [MissingActionException] Action LawsController::admin_edit() could not be found.
Exception Attributes: array (
  'controller' => 'LawsController',
  'action' => 'admin_edit',
)
Request URL: /deka2/admin/laws/edit/1
Stack Trace:
#0 /opt/local/apache2/htdocs/caketemplate/source/public/Vendor/pear-pear.cakephp.org/CakePHP/Cake/Routing/Dispatcher.php(191): Controller->invokeAction(Object(CakeRequest))
#1 /opt/local/apache2/htdocs/caketemplate/source/public/Vendor/pear-pear.cakephp.org/CakePHP/Cake/Routing/Dispatcher.php(165): Dispatcher->_invoke(Object(LawsController), Object(CakeRequest))
#2 /opt/local/apache2/htdocs/caketemplate/source/public/webroot/index.php(110): Dispatcher->dispatch(Object(CakeRequest), Object(CakeResponse))
#3 {main}
2015-04-08 14:24:45 Error: [MissingActionException] Action LawsController::admin_edit() could not be found.
Exception Attributes: array (
  'controller' => 'LawsController',
  'action' => 'admin_edit',
)
Request URL: /deka2/admin/laws/edit/1
Stack Trace:
#0 /opt/local/apache2/htdocs/caketemplate/source/public/Vendor/pear-pear.cakephp.org/CakePHP/Cake/Routing/Dispatcher.php(191): Controller->invokeAction(Object(CakeRequest))
#1 /opt/local/apache2/htdocs/caketemplate/source/public/Vendor/pear-pear.cakephp.org/CakePHP/Cake/Routing/Dispatcher.php(165): Dispatcher->_invoke(Object(LawsController), Object(CakeRequest))
#2 /opt/local/apache2/htdocs/caketemplate/source/public/webroot/index.php(110): Dispatcher->dispatch(Object(CakeRequest), Object(CakeResponse))
#3 {main}
2015-04-08 14:24:49 Error: [MissingActionException] Action LawsController::admin_edit() could not be found.
Exception Attributes: array (
  'controller' => 'LawsController',
  'action' => 'admin_edit',
)
Request URL: /deka2/admin/laws/edit/1
Stack Trace:
#0 /opt/local/apache2/htdocs/caketemplate/source/public/Vendor/pear-pear.cakephp.org/CakePHP/Cake/Routing/Dispatcher.php(191): Controller->invokeAction(Object(CakeRequest))
#1 /opt/local/apache2/htdocs/caketemplate/source/public/Vendor/pear-pear.cakephp.org/CakePHP/Cake/Routing/Dispatcher.php(165): Dispatcher->_invoke(Object(LawsController), Object(CakeRequest))
#2 /opt/local/apache2/htdocs/caketemplate/source/public/webroot/index.php(110): Dispatcher->dispatch(Object(CakeRequest), Object(CakeResponse))
#3 {main}
2015-04-08 17:11:08 Error: [MissingActionException] Action LawsController::admin_edit() could not be found.
Exception Attributes: array (
  'controller' => 'LawsController',
  'action' => 'admin_edit',
)
Request URL: /deka2/admin/laws/edit/1
Stack Trace:
#0 /opt/local/apache2/htdocs/caketemplate/source/public/Vendor/pear-pear.cakephp.org/CakePHP/Cake/Routing/Dispatcher.php(191): Controller->invokeAction(Object(CakeRequest))
#1 /opt/local/apache2/htdocs/caketemplate/source/public/Vendor/pear-pear.cakephp.org/CakePHP/Cake/Routing/Dispatcher.php(165): Dispatcher->_invoke(Object(LawsController), Object(CakeRequest))
#2 /opt/local/apache2/htdocs/caketemplate/source/public/webroot/index.php(110): Dispatcher->dispatch(Object(CakeRequest), Object(CakeResponse))
#3 {main}
2015-04-08 17:11:10 Error: [MissingActionException] Action UsersController::admin_login() could not be found.
Exception Attributes: array (
  'controller' => 'UsersController',
  'action' => 'admin_login',
)
Request URL: /deka2/admin/users/login
Stack Trace:
#0 /opt/local/apache2/htdocs/caketemplate/source/public/Vendor/pear-pear.cakephp.org/CakePHP/Cake/Routing/Dispatcher.php(191): Controller->invokeAction(Object(CakeRequest))
#1 /opt/local/apache2/htdocs/caketemplate/source/public/Vendor/pear-pear.cakephp.org/CakePHP/Cake/Routing/Dispatcher.php(165): Dispatcher->_invoke(Object(UsersController), Object(CakeRequest))
#2 /opt/local/apache2/htdocs/caketemplate/source/public/webroot/index.php(110): Dispatcher->dispatch(Object(CakeRequest), Object(CakeResponse))
#3 {main}
2015-04-08 17:11:12 Error: [MissingActionException] Action LawsController::admin_edit() could not be found.
Exception Attributes: array (
  'controller' => 'LawsController',
  'action' => 'admin_edit',
)
Request URL: /deka2/admin/laws/edit/1
Stack Trace:
#0 /opt/local/apache2/htdocs/caketemplate/source/public/Vendor/pear-pear.cakephp.org/CakePHP/Cake/Routing/Dispatcher.php(191): Controller->invokeAction(Object(CakeRequest))
#1 /opt/local/apache2/htdocs/caketemplate/source/public/Vendor/pear-pear.cakephp.org/CakePHP/Cake/Routing/Dispatcher.php(165): Dispatcher->_invoke(Object(LawsController), Object(CakeRequest))
#2 /opt/local/apache2/htdocs/caketemplate/source/public/webroot/index.php(110): Dispatcher->dispatch(Object(CakeRequest), Object(CakeResponse))
#3 {main}
2015-04-08 17:11:13 Error: [MissingActionException] Action UsersController::admin_login() could not be found.
Exception Attributes: array (
  'controller' => 'UsersController',
  'action' => 'admin_login',
)
Request URL: /deka2/admin/users/login
Stack Trace:
#0 /opt/local/apache2/htdocs/caketemplate/source/public/Vendor/pear-pear.cakephp.org/CakePHP/Cake/Routing/Dispatcher.php(191): Controller->invokeAction(Object(CakeRequest))
#1 /opt/local/apache2/htdocs/caketemplate/source/public/Vendor/pear-pear.cakephp.org/CakePHP/Cake/Routing/Dispatcher.php(165): Dispatcher->_invoke(Object(UsersController), Object(CakeRequest))
#2 /opt/local/apache2/htdocs/caketemplate/source/public/webroot/index.php(110): Dispatcher->dispatch(Object(CakeRequest), Object(CakeResponse))
#3 {main}
2015-04-08 17:11:15 Error: [MissingActionException] Action UsersController::admin_login() could not be found.
Exception Attributes: array (
  'controller' => 'UsersController',
  'action' => 'admin_login',
)
Request URL: /deka2/admin/users/login
Stack Trace:
#0 /opt/local/apache2/htdocs/caketemplate/source/public/Vendor/pear-pear.cakephp.org/CakePHP/Cake/Routing/Dispatcher.php(191): Controller->invokeAction(Object(CakeRequest))
#1 /opt/local/apache2/htdocs/caketemplate/source/public/Vendor/pear-pear.cakephp.org/CakePHP/Cake/Routing/Dispatcher.php(165): Dispatcher->_invoke(Object(UsersController), Object(CakeRequest))
#2 /opt/local/apache2/htdocs/caketemplate/source/public/webroot/index.php(110): Dispatcher->dispatch(Object(CakeRequest), Object(CakeResponse))
#3 {main}
2015-04-08 17:11:45 Error: [MissingActionException] Action LawsController::admin_edit() could not be found.
Exception Attributes: array (
  'controller' => 'LawsController',
  'action' => 'admin_edit',
)
Request URL: /deka2/admin/laws/edit/1
Stack Trace:
#0 /opt/local/apache2/htdocs/caketemplate/source/public/Vendor/pear-pear.cakephp.org/CakePHP/Cake/Routing/Dispatcher.php(191): Controller->invokeAction(Object(CakeRequest))
#1 /opt/local/apache2/htdocs/caketemplate/source/public/Vendor/pear-pear.cakephp.org/CakePHP/Cake/Routing/Dispatcher.php(165): Dispatcher->_invoke(Object(LawsController), Object(CakeRequest))
#2 /opt/local/apache2/htdocs/caketemplate/source/public/webroot/index.php(110): Dispatcher->dispatch(Object(CakeRequest), Object(CakeResponse))
#3 {main}
2015-04-08 17:11:47 Error: [MissingActionException] Action UsersController::admin_login() could not be found.
Exception Attributes: array (
  'controller' => 'UsersController',
  'action' => 'admin_login',
)
Request URL: /deka2/admin/users/login
Stack Trace:
#0 /opt/local/apache2/htdocs/caketemplate/source/public/Vendor/pear-pear.cakephp.org/CakePHP/Cake/Routing/Dispatcher.php(191): Controller->invokeAction(Object(CakeRequest))
#1 /opt/local/apache2/htdocs/caketemplate/source/public/Vendor/pear-pear.cakephp.org/CakePHP/Cake/Routing/Dispatcher.php(165): Dispatcher->_invoke(Object(UsersController), Object(CakeRequest))
#2 /opt/local/apache2/htdocs/caketemplate/source/public/webroot/index.php(110): Dispatcher->dispatch(Object(CakeRequest), Object(CakeResponse))
#3 {main}
2015-04-08 17:11:50 Error: [PDOException] SQLSTATE[42S22]: Column not found: 1054 Unknown column 'User.email' in 'field list'
Request URL: /deka2/admin/users/
Stack Trace:
#0 /opt/local/apache2/htdocs/caketemplate/source/public/Vendor/pear-pear.cakephp.org/CakePHP/Cake/Model/Datasource/DboSource.php(458): PDOStatement->execute(Array)
#1 /opt/local/apache2/htdocs/caketemplate/source/public/Vendor/pear-pear.cakephp.org/CakePHP/Cake/Model/Datasource/DboSource.php(424): DboSource->_execute('SELECT `User`.`...', Array)
#2 /opt/local/apache2/htdocs/caketemplate/source/public/Vendor/pear-pear.cakephp.org/CakePHP/Cake/Model/Datasource/DboSource.php(666): DboSource->execute('SELECT `User`.`...', Array, Array)
#3 /opt/local/apache2/htdocs/caketemplate/source/public/Vendor/pear-pear.cakephp.org/CakePHP/Cake/Model/Datasource/DboSource.php(1106): DboSource->fetchAll('SELECT `User`.`...', false)
#4 /opt/local/apache2/htdocs/caketemplate/source/public/Vendor/pear-pear.cakephp.org/CakePHP/Cake/Model/Model.php(2905): DboSource->read(Object(User), Array)
#5 /opt/local/apache2/htdocs/caketemplate/source/public/Vendor/pear-pear.cakephp.org/CakePHP/Cake/Model/Model.php(2877): Model->_readDataSource('all', Array)
#6 /opt/local/apache2/htdocs/caketemplate/source/public/Vendor/pear-pear.cakephp.org/CakePHP/Cake/Controller/Component/PaginatorComponent.php(196): Model->find('all', Array)
#7 /opt/local/apache2/htdocs/caketemplate/source/public/Controller/UsersController.php(50): PaginatorComponent->paginate('User')
#8 [internal function]: UsersController->admin_index()
#9 /opt/local/apache2/htdocs/caketemplate/source/public/Vendor/pear-pear.cakephp.org/CakePHP/Cake/Controller/Controller.php(490): ReflectionMethod->invokeArgs(Object(UsersController), Array)
#10 /opt/local/apache2/htdocs/caketemplate/source/public/Vendor/pear-pear.cakephp.org/CakePHP/Cake/Routing/Dispatcher.php(191): Controller->invokeAction(Object(CakeRequest))
#11 /opt/local/apache2/htdocs/caketemplate/source/public/Vendor/pear-pear.cakephp.org/CakePHP/Cake/Routing/Dispatcher.php(165): Dispatcher->_invoke(Object(UsersController), Object(CakeRequest))
#12 /opt/local/apache2/htdocs/caketemplate/source/public/webroot/index.php(110): Dispatcher->dispatch(Object(CakeRequest), Object(CakeResponse))
#13 {main}
2015-04-13 14:38:45 Error: [MissingControllerException] Controller class Deka2Controller could not be found.
Exception Attributes: array (
  'class' => 'Deka2Controller',
  'plugin' => NULL,
)
Request URL: /deka2/deka2/favicon.ico
Stack Trace:
#0 /opt/local/apache2/htdocs/caketemplate/source/public/webroot/index.php(110): Dispatcher->dispatch(Object(CakeRequest), Object(CakeResponse))
#1 {main}
2015-04-13 14:41:25 Error: Fatal Error (4): syntax error, unexpected '=>' (T_DOUBLE_ARROW), expecting ')' in [/opt/local/apache2/htdocs/caketemplate/source/public/Controller/LawsController.php, line 37]
2015-04-13 14:41:25 Error: [FatalErrorException] syntax error, unexpected '=>' (T_DOUBLE_ARROW), expecting ')'
Request URL: /deka2/laws/search
Stack Trace:
#0 /opt/local/apache2/htdocs/caketemplate/source/public/Vendor/pear-pear.cakephp.org/CakePHP/Cake/Error/ErrorHandler.php(203): ErrorHandler::handleFatalError(4, 'syntax error, u...', '/opt/local/apac...', 37)
#1 [internal function]: ErrorHandler::handleError(4, 'syntax error, u...', '/opt/local/apac...', 37, Array)
#2 /opt/local/apache2/htdocs/caketemplate/source/public/Vendor/pear-pear.cakephp.org/CakePHP/Cake/Core/App.php(929): call_user_func('ErrorHandler::h...', 4, 'syntax error, u...', '/opt/local/apac...', 37, Array)
#3 /opt/local/apache2/htdocs/caketemplate/source/public/Vendor/pear-pear.cakephp.org/CakePHP/Cake/Core/App.php(902): App::_checkFatalError()
#4 [internal function]: App::shutdown()
#5 {main}
2015-04-13 14:42:48 Error: Fatal Error (1): Call to a member function createConditions() on null in [/opt/local/apache2/htdocs/caketemplate/source/public/Controller/LawsController.php, line 53]
2015-04-13 14:42:48 Error: [FatalErrorException] Call to a member function createConditions() on null
Request URL: /deka2/laws/search
Stack Trace:
#0 /opt/local/apache2/htdocs/caketemplate/source/public/Vendor/pear-pear.cakephp.org/CakePHP/Cake/Error/ErrorHandler.php(203): ErrorHandler::handleFatalError(1, 'Call to a membe...', '/opt/local/apac...', 53)
#1 [internal function]: ErrorHandler::handleError(1, 'Call to a membe...', '/opt/local/apac...', 53, Array)
#2 /opt/local/apache2/htdocs/caketemplate/source/public/Vendor/pear-pear.cakephp.org/CakePHP/Cake/Core/App.php(929): call_user_func('ErrorHandler::h...', 1, 'Call to a membe...', '/opt/local/apac...', 53, Array)
#3 /opt/local/apache2/htdocs/caketemplate/source/public/Vendor/pear-pear.cakephp.org/CakePHP/Cake/Core/App.php(902): App::_checkFatalError()
#4 [internal function]: App::shutdown()
#5 {main}
2015-04-13 14:44:41 Error: [MissingViewException] View file "/opt/local/apache2/htdocs/caketemplate/source/public/View/Laws/search.ctp" is missing.
Exception Attributes: array (
  'file' => '/opt/local/apache2/htdocs/caketemplate/source/public/View/Laws/search.ctp',
)
Request URL: /deka2/laws/search
Stack Trace:
#0 /opt/local/apache2/htdocs/caketemplate/source/public/Vendor/pear-pear.cakephp.org/CakePHP/Cake/View/View.php(468): View->_getViewFileName(NULL)
#1 /opt/local/apache2/htdocs/caketemplate/source/public/Vendor/pear-pear.cakephp.org/CakePHP/Cake/Controller/Controller.php(954): View->render(NULL, NULL)
#2 /opt/local/apache2/htdocs/caketemplate/source/public/Vendor/pear-pear.cakephp.org/CakePHP/Cake/Routing/Dispatcher.php(198): Controller->render()
#3 /opt/local/apache2/htdocs/caketemplate/source/public/Vendor/pear-pear.cakephp.org/CakePHP/Cake/Routing/Dispatcher.php(165): Dispatcher->_invoke(Object(LawsController), Object(CakeRequest))
#4 /opt/local/apache2/htdocs/caketemplate/source/public/webroot/index.php(110): Dispatcher->dispatch(Object(CakeRequest), Object(CakeResponse))
#5 {main}
2015-04-13 14:46:11 Error: [MissingViewException] View file "/opt/local/apache2/htdocs/caketemplate/source/public/View/Laws/search.ctp" is missing.
Exception Attributes: array (
  'file' => '/opt/local/apache2/htdocs/caketemplate/source/public/View/Laws/search.ctp',
)
Request URL: /deka2/laws/search
Stack Trace:
#0 /opt/local/apache2/htdocs/caketemplate/source/public/Vendor/pear-pear.cakephp.org/CakePHP/Cake/View/View.php(468): View->_getViewFileName(NULL)
#1 /opt/local/apache2/htdocs/caketemplate/source/public/Vendor/pear-pear.cakephp.org/CakePHP/Cake/Controller/Controller.php(954): View->render(NULL, NULL)
#2 /opt/local/apache2/htdocs/caketemplate/source/public/Vendor/pear-pear.cakephp.org/CakePHP/Cake/Routing/Dispatcher.php(198): Controller->render()
#3 /opt/local/apache2/htdocs/caketemplate/source/public/Vendor/pear-pear.cakephp.org/CakePHP/Cake/Routing/Dispatcher.php(165): Dispatcher->_invoke(Object(LawsController), Object(CakeRequest))
#4 /opt/local/apache2/htdocs/caketemplate/source/public/webroot/index.php(110): Dispatcher->dispatch(Object(CakeRequest), Object(CakeResponse))
#5 {main}
2015-04-13 14:55:25 Error: [PDOException] SQLSTATE[42S22]: Column not found: 1054 Unknown column 'TbLawdatum.id' in 'field list'
Request URL: /deka2/laws/search
Stack Trace:
#0 /opt/local/apache2/htdocs/caketemplate/source/public/Vendor/pear-pear.cakephp.org/CakePHP/Cake/Model/Datasource/DboSource.php(458): PDOStatement->execute(Array)
#1 /opt/local/apache2/htdocs/caketemplate/source/public/Vendor/pear-pear.cakephp.org/CakePHP/Cake/Model/Datasource/DboSource.php(424): DboSource->_execute('SELECT `TbLawda...', Array)
#2 /opt/local/apache2/htdocs/caketemplate/source/public/Vendor/pear-pear.cakephp.org/CakePHP/Cake/Model/Datasource/DboSource.php(666): DboSource->execute('SELECT `TbLawda...', Array, Array)
#3 /opt/local/apache2/htdocs/caketemplate/source/public/Vendor/pear-pear.cakephp.org/CakePHP/Cake/Model/Datasource/DboSource.php(1106): DboSource->fetchAll('SELECT `TbLawda...', false)
#4 /opt/local/apache2/htdocs/caketemplate/source/public/Vendor/pear-pear.cakephp.org/CakePHP/Cake/Model/Model.php(2905): DboSource->read(Object(TbLawdatum), Array)
#5 /opt/local/apache2/htdocs/caketemplate/source/public/Vendor/pear-pear.cakephp.org/CakePHP/Cake/Model/Model.php(2877): Model->_readDataSource('all', Array)
#6 /opt/local/apache2/htdocs/caketemplate/source/public/Vendor/pear-pear.cakephp.org/CakePHP/Cake/Controller/Component/PaginatorComponent.php(196): Model->find('all', Array)
#7 /opt/local/apache2/htdocs/caketemplate/source/public/Controller/LawsController.php(57): PaginatorComponent->paginate('TbLawdatum')
#8 [internal function]: LawsController->search()
#9 /opt/local/apache2/htdocs/caketemplate/source/public/Vendor/pear-pear.cakephp.org/CakePHP/Cake/Controller/Controller.php(490): ReflectionMethod->invokeArgs(Object(LawsController), Array)
#10 /opt/local/apache2/htdocs/caketemplate/source/public/Vendor/pear-pear.cakephp.org/CakePHP/Cake/Routing/Dispatcher.php(191): Controller->invokeAction(Object(CakeRequest))
#11 /opt/local/apache2/htdocs/caketemplate/source/public/Vendor/pear-pear.cakephp.org/CakePHP/Cake/Routing/Dispatcher.php(165): Dispatcher->_invoke(Object(LawsController), Object(CakeRequest))
#12 /opt/local/apache2/htdocs/caketemplate/source/public/webroot/index.php(110): Dispatcher->dispatch(Object(CakeRequest), Object(CakeResponse))
#13 {main}
2015-04-14 02:40:42 Error: [PDOException] SQLSTATE[42000]: Syntax error or access violation: 1064 You have an error in your SQL syntax; check the manual that corresponds to your MySQL server version for the right syntax to use near ''อาญา' AND `TbLawdatum`.`c_comment` 'อาญา'   ORDER BY `TbLawdatu' at line 1
Request URL: /deka2/laws/search
Stack Trace:
#0 /opt/local/apache2/htdocs/caketemplate/source/public/Vendor/pear-pear.cakephp.org/CakePHP/Cake/Model/Datasource/DboSource.php(458): PDOStatement->execute(Array)
#1 /opt/local/apache2/htdocs/caketemplate/source/public/Vendor/pear-pear.cakephp.org/CakePHP/Cake/Model/Datasource/DboSource.php(424): DboSource->_execute('SELECT `TbLawda...', Array)
#2 /opt/local/apache2/htdocs/caketemplate/source/public/Vendor/pear-pear.cakephp.org/CakePHP/Cake/Model/Datasource/DboSource.php(666): DboSource->execute('SELECT `TbLawda...', Array, Array)
#3 /opt/local/apache2/htdocs/caketemplate/source/public/Vendor/pear-pear.cakephp.org/CakePHP/Cake/Model/Datasource/DboSource.php(1106): DboSource->fetchAll('SELECT `TbLawda...', false)
#4 /opt/local/apache2/htdocs/caketemplate/source/public/Vendor/pear-pear.cakephp.org/CakePHP/Cake/Model/Model.php(2905): DboSource->read(Object(TbLawdatum), Array)
#5 /opt/local/apache2/htdocs/caketemplate/source/public/Vendor/pear-pear.cakephp.org/CakePHP/Cake/Model/Model.php(2877): Model->_readDataSource('all', Array)
#6 /opt/local/apache2/htdocs/caketemplate/source/public/Vendor/pear-pear.cakephp.org/CakePHP/Cake/Controller/Component/PaginatorComponent.php(196): Model->find('all', Array)
#7 /opt/local/apache2/htdocs/caketemplate/source/public/Controller/LawsController.php(57): PaginatorComponent->paginate('TbLawdatum')
#8 [internal function]: LawsController->search()
#9 /opt/local/apache2/htdocs/caketemplate/source/public/Vendor/pear-pear.cakephp.org/CakePHP/Cake/Controller/Controller.php(490): ReflectionMethod->invokeArgs(Object(LawsController), Array)
#10 /opt/local/apache2/htdocs/caketemplate/source/public/Vendor/pear-pear.cakephp.org/CakePHP/Cake/Routing/Dispatcher.php(191): Controller->invokeAction(Object(CakeRequest))
#11 /opt/local/apache2/htdocs/caketemplate/source/public/Vendor/pear-pear.cakephp.org/CakePHP/Cake/Routing/Dispatcher.php(165): Dispatcher->_invoke(Object(LawsController), Object(CakeRequest))
#12 /opt/local/apache2/htdocs/caketemplate/source/public/webroot/index.php(110): Dispatcher->dispatch(Object(CakeRequest), Object(CakeResponse))
#13 {main}
2015-04-14 02:52:03 Error: [BadRequestException] Token Expired
Request URL: /deka2/laws/search
Stack Trace:
#0 [internal function]: AppController->blackhole('csrf')
#1 /opt/local/apache2/htdocs/caketemplate/source/public/Vendor/pear-pear.cakephp.org/CakePHP/Cake/Controller/Component/SecurityComponent.php(621): call_user_func_array(Array, Array)
#2 /opt/local/apache2/htdocs/caketemplate/source/public/Vendor/pear-pear.cakephp.org/CakePHP/Cake/Controller/Component/SecurityComponent.php(337): SecurityComponent->_callback(Object(LawsController), 'blackhole', Array)
#3 /opt/local/apache2/htdocs/caketemplate/source/public/Vendor/pear-pear.cakephp.org/CakePHP/Cake/Controller/Component/SecurityComponent.php(242): SecurityComponent->blackHole(Object(LawsController), 'csrf')
#4 [internal function]: SecurityComponent->startup(Object(LawsController))
#5 /opt/local/apache2/htdocs/caketemplate/source/public/Vendor/pear-pear.cakephp.org/CakePHP/Cake/Utility/ObjectCollection.php(129): call_user_func_array(Array, Array)
#6 [internal function]: ObjectCollection->trigger(Object(CakeEvent))
#7 /opt/local/apache2/htdocs/caketemplate/source/public/Vendor/pear-pear.cakephp.org/CakePHP/Cake/Event/CakeEventManager.php(244): call_user_func(Array, Object(CakeEvent))
#8 /opt/local/apache2/htdocs/caketemplate/source/public/Vendor/pear-pear.cakephp.org/CakePHP/Cake/Controller/Controller.php(675): CakeEventManager->dispatch(Object(CakeEvent))
#9 /opt/local/apache2/htdocs/caketemplate/source/public/Vendor/pear-pear.cakephp.org/CakePHP/Cake/Routing/Dispatcher.php(187): Controller->startupProcess()
#10 /opt/local/apache2/htdocs/caketemplate/source/public/Vendor/pear-pear.cakephp.org/CakePHP/Cake/Routing/Dispatcher.php(165): Dispatcher->_invoke(Object(LawsController), Object(CakeRequest))
#11 /opt/local/apache2/htdocs/caketemplate/source/public/webroot/index.php(110): Dispatcher->dispatch(Object(CakeRequest), Object(CakeResponse))
#12 {main}
2015-04-14 02:52:11 Error: [PDOException] SQLSTATE[42000]: Syntax error or access violation: 1064 You have an error in your SQL syntax; check the manual that corresponds to your MySQL server version for the right syntax to use near ''กฏ' AND `TbLawdatum`.`c_comment` 'กฏ'   ORDER BY `TbLawdatum`.`c_name` ' at line 1
Request URL: /deka2/laws/search
Stack Trace:
#0 /opt/local/apache2/htdocs/caketemplate/source/public/Vendor/pear-pear.cakephp.org/CakePHP/Cake/Model/Datasource/DboSource.php(458): PDOStatement->execute(Array)
#1 /opt/local/apache2/htdocs/caketemplate/source/public/Vendor/pear-pear.cakephp.org/CakePHP/Cake/Model/Datasource/DboSource.php(424): DboSource->_execute('SELECT `TbLawda...', Array)
#2 /opt/local/apache2/htdocs/caketemplate/source/public/Vendor/pear-pear.cakephp.org/CakePHP/Cake/Model/Datasource/DboSource.php(666): DboSource->execute('SELECT `TbLawda...', Array, Array)
#3 /opt/local/apache2/htdocs/caketemplate/source/public/Vendor/pear-pear.cakephp.org/CakePHP/Cake/Model/Datasource/DboSource.php(1106): DboSource->fetchAll('SELECT `TbLawda...', false)
#4 /opt/local/apache2/htdocs/caketemplate/source/public/Vendor/pear-pear.cakephp.org/CakePHP/Cake/Model/Model.php(2905): DboSource->read(Object(TbLawdatum), Array)
#5 /opt/local/apache2/htdocs/caketemplate/source/public/Vendor/pear-pear.cakephp.org/CakePHP/Cake/Model/Model.php(2877): Model->_readDataSource('all', Array)
#6 /opt/local/apache2/htdocs/caketemplate/source/public/Vendor/pear-pear.cakephp.org/CakePHP/Cake/Controller/Component/PaginatorComponent.php(196): Model->find('all', Array)
#7 /opt/local/apache2/htdocs/caketemplate/source/public/Controller/LawsController.php(57): PaginatorComponent->paginate('TbLawdatum')
#8 [internal function]: LawsController->search()
#9 /opt/local/apache2/htdocs/caketemplate/source/public/Vendor/pear-pear.cakephp.org/CakePHP/Cake/Controller/Controller.php(490): ReflectionMethod->invokeArgs(Object(LawsController), Array)
#10 /opt/local/apache2/htdocs/caketemplate/source/public/Vendor/pear-pear.cakephp.org/CakePHP/Cake/Routing/Dispatcher.php(191): Controller->invokeAction(Object(CakeRequest))
#11 /opt/local/apache2/htdocs/caketemplate/source/public/Vendor/pear-pear.cakephp.org/CakePHP/Cake/Routing/Dispatcher.php(165): Dispatcher->_invoke(Object(LawsController), Object(CakeRequest))
#12 /opt/local/apache2/htdocs/caketemplate/source/public/webroot/index.php(110): Dispatcher->dispatch(Object(CakeRequest), Object(CakeResponse))
#13 {main}
2015-04-14 03:35:28 Error: [BadRequestException] Token Expired
Request URL: /deka2/laws/search
Stack Trace:
#0 [internal function]: AppController->blackhole('csrf')
#1 /opt/local/apache2/htdocs/caketemplate/source/public/Vendor/pear-pear.cakephp.org/CakePHP/Cake/Controller/Component/SecurityComponent.php(621): call_user_func_array(Array, Array)
#2 /opt/local/apache2/htdocs/caketemplate/source/public/Vendor/pear-pear.cakephp.org/CakePHP/Cake/Controller/Component/SecurityComponent.php(337): SecurityComponent->_callback(Object(LawsController), 'blackhole', Array)
#3 /opt/local/apache2/htdocs/caketemplate/source/public/Vendor/pear-pear.cakephp.org/CakePHP/Cake/Controller/Component/SecurityComponent.php(242): SecurityComponent->blackHole(Object(LawsController), 'csrf')
#4 [internal function]: SecurityComponent->startup(Object(LawsController))
#5 /opt/local/apache2/htdocs/caketemplate/source/public/Vendor/pear-pear.cakephp.org/CakePHP/Cake/Utility/ObjectCollection.php(129): call_user_func_array(Array, Array)
#6 [internal function]: ObjectCollection->trigger(Object(CakeEvent))
#7 /opt/local/apache2/htdocs/caketemplate/source/public/Vendor/pear-pear.cakephp.org/CakePHP/Cake/Event/CakeEventManager.php(244): call_user_func(Array, Object(CakeEvent))
#8 /opt/local/apache2/htdocs/caketemplate/source/public/Vendor/pear-pear.cakephp.org/CakePHP/Cake/Controller/Controller.php(675): CakeEventManager->dispatch(Object(CakeEvent))
#9 /opt/local/apache2/htdocs/caketemplate/source/public/Vendor/pear-pear.cakephp.org/CakePHP/Cake/Routing/Dispatcher.php(187): Controller->startupProcess()
#10 /opt/local/apache2/htdocs/caketemplate/source/public/Vendor/pear-pear.cakephp.org/CakePHP/Cake/Routing/Dispatcher.php(165): Dispatcher->_invoke(Object(LawsController), Object(CakeRequest))
#11 /opt/local/apache2/htdocs/caketemplate/source/public/webroot/index.php(110): Dispatcher->dispatch(Object(CakeRequest), Object(CakeResponse))
#12 {main}
2015-04-14 03:35:34 Error: [PDOException] SQLSTATE[42000]: Syntax error or access violation: 1064 You have an error in your SQL syntax; check the manual that corresponds to your MySQL server version for the right syntax to use near ''ก' AND `TbLawdatum`.`c_comment` 'ก'   ORDER BY `TbLawdatum`.`c_name` DESC  ' at line 1
Request URL: /deka2/laws/search
Stack Trace:
#0 /opt/local/apache2/htdocs/caketemplate/source/public/Vendor/pear-pear.cakephp.org/CakePHP/Cake/Model/Datasource/DboSource.php(458): PDOStatement->execute(Array)
#1 /opt/local/apache2/htdocs/caketemplate/source/public/Vendor/pear-pear.cakephp.org/CakePHP/Cake/Model/Datasource/DboSource.php(424): DboSource->_execute('SELECT `TbLawda...', Array)
#2 /opt/local/apache2/htdocs/caketemplate/source/public/Vendor/pear-pear.cakephp.org/CakePHP/Cake/Model/Datasource/DboSource.php(666): DboSource->execute('SELECT `TbLawda...', Array, Array)
#3 /opt/local/apache2/htdocs/caketemplate/source/public/Vendor/pear-pear.cakephp.org/CakePHP/Cake/Model/Datasource/DboSource.php(1106): DboSource->fetchAll('SELECT `TbLawda...', false)
#4 /opt/local/apache2/htdocs/caketemplate/source/public/Vendor/pear-pear.cakephp.org/CakePHP/Cake/Model/Model.php(2905): DboSource->read(Object(TbLawdatum), Array)
#5 /opt/local/apache2/htdocs/caketemplate/source/public/Vendor/pear-pear.cakephp.org/CakePHP/Cake/Model/Model.php(2877): Model->_readDataSource('all', Array)
#6 /opt/local/apache2/htdocs/caketemplate/source/public/Vendor/pear-pear.cakephp.org/CakePHP/Cake/Controller/Component/PaginatorComponent.php(196): Model->find('all', Array)
#7 /opt/local/apache2/htdocs/caketemplate/source/public/Controller/LawsController.php(57): PaginatorComponent->paginate('TbLawdatum')
#8 [internal function]: LawsController->search()
#9 /opt/local/apache2/htdocs/caketemplate/source/public/Vendor/pear-pear.cakephp.org/CakePHP/Cake/Controller/Controller.php(490): ReflectionMethod->invokeArgs(Object(LawsController), Array)
#10 /opt/local/apache2/htdocs/caketemplate/source/public/Vendor/pear-pear.cakephp.org/CakePHP/Cake/Routing/Dispatcher.php(191): Controller->invokeAction(Object(CakeRequest))
#11 /opt/local/apache2/htdocs/caketemplate/source/public/Vendor/pear-pear.cakephp.org/CakePHP/Cake/Routing/Dispatcher.php(165): Dispatcher->_invoke(Object(LawsController), Object(CakeRequest))
#12 /opt/local/apache2/htdocs/caketemplate/source/public/webroot/index.php(110): Dispatcher->dispatch(Object(CakeRequest), Object(CakeResponse))
#13 {main}
2015-04-14 03:36:22 Error: [BadRequestException] Token Expired
Request URL: /deka2/laws/search
Stack Trace:
#0 [internal function]: AppController->blackhole('csrf')
#1 /opt/local/apache2/htdocs/caketemplate/source/public/Vendor/pear-pear.cakephp.org/CakePHP/Cake/Controller/Component/SecurityComponent.php(621): call_user_func_array(Array, Array)
#2 /opt/local/apache2/htdocs/caketemplate/source/public/Vendor/pear-pear.cakephp.org/CakePHP/Cake/Controller/Component/SecurityComponent.php(337): SecurityComponent->_callback(Object(LawsController), 'blackhole', Array)
#3 /opt/local/apache2/htdocs/caketemplate/source/public/Vendor/pear-pear.cakephp.org/CakePHP/Cake/Controller/Component/SecurityComponent.php(242): SecurityComponent->blackHole(Object(LawsController), 'csrf')
#4 [internal function]: SecurityComponent->startup(Object(LawsController))
#5 /opt/local/apache2/htdocs/caketemplate/source/public/Vendor/pear-pear.cakephp.org/CakePHP/Cake/Utility/ObjectCollection.php(129): call_user_func_array(Array, Array)
#6 [internal function]: ObjectCollection->trigger(Object(CakeEvent))
#7 /opt/local/apache2/htdocs/caketemplate/source/public/Vendor/pear-pear.cakephp.org/CakePHP/Cake/Event/CakeEventManager.php(244): call_user_func(Array, Object(CakeEvent))
#8 /opt/local/apache2/htdocs/caketemplate/source/public/Vendor/pear-pear.cakephp.org/CakePHP/Cake/Controller/Controller.php(675): CakeEventManager->dispatch(Object(CakeEvent))
#9 /opt/local/apache2/htdocs/caketemplate/source/public/Vendor/pear-pear.cakephp.org/CakePHP/Cake/Routing/Dispatcher.php(187): Controller->startupProcess()
#10 /opt/local/apache2/htdocs/caketemplate/source/public/Vendor/pear-pear.cakephp.org/CakePHP/Cake/Routing/Dispatcher.php(165): Dispatcher->_invoke(Object(LawsController), Object(CakeRequest))
#11 /opt/local/apache2/htdocs/caketemplate/source/public/webroot/index.php(110): Dispatcher->dispatch(Object(CakeRequest), Object(CakeResponse))
#12 {main}
2015-04-14 03:36:50 Error: [BadRequestException] Token Expired
Request URL: /deka2/laws/search
Stack Trace:
#0 [internal function]: AppController->blackhole('csrf')
#1 /opt/local/apache2/htdocs/caketemplate/source/public/Vendor/pear-pear.cakephp.org/CakePHP/Cake/Controller/Component/SecurityComponent.php(621): call_user_func_array(Array, Array)
#2 /opt/local/apache2/htdocs/caketemplate/source/public/Vendor/pear-pear.cakephp.org/CakePHP/Cake/Controller/Component/SecurityComponent.php(337): SecurityComponent->_callback(Object(LawsController), 'blackhole', Array)
#3 /opt/local/apache2/htdocs/caketemplate/source/public/Vendor/pear-pear.cakephp.org/CakePHP/Cake/Controller/Component/SecurityComponent.php(242): SecurityComponent->blackHole(Object(LawsController), 'csrf')
#4 [internal function]: SecurityComponent->startup(Object(LawsController))
#5 /opt/local/apache2/htdocs/caketemplate/source/public/Vendor/pear-pear.cakephp.org/CakePHP/Cake/Utility/ObjectCollection.php(129): call_user_func_array(Array, Array)
#6 [internal function]: ObjectCollection->trigger(Object(CakeEvent))
#7 /opt/local/apache2/htdocs/caketemplate/source/public/Vendor/pear-pear.cakephp.org/CakePHP/Cake/Event/CakeEventManager.php(244): call_user_func(Array, Object(CakeEvent))
#8 /opt/local/apache2/htdocs/caketemplate/source/public/Vendor/pear-pear.cakephp.org/CakePHP/Cake/Controller/Controller.php(675): CakeEventManager->dispatch(Object(CakeEvent))
#9 /opt/local/apache2/htdocs/caketemplate/source/public/Vendor/pear-pear.cakephp.org/CakePHP/Cake/Routing/Dispatcher.php(187): Controller->startupProcess()
#10 /opt/local/apache2/htdocs/caketemplate/source/public/Vendor/pear-pear.cakephp.org/CakePHP/Cake/Routing/Dispatcher.php(165): Dispatcher->_invoke(Object(LawsController), Object(CakeRequest))
#11 /opt/local/apache2/htdocs/caketemplate/source/public/webroot/index.php(110): Dispatcher->dispatch(Object(CakeRequest), Object(CakeResponse))
#12 {main}
2015-04-14 03:53:11 Error: [BadRequestException] Token Expired
Request URL: /deka2/laws/search
Stack Trace:
#0 [internal function]: AppController->blackhole('csrf')
#1 /opt/local/apache2/htdocs/caketemplate/source/public/Vendor/pear-pear.cakephp.org/CakePHP/Cake/Controller/Component/SecurityComponent.php(621): call_user_func_array(Array, Array)
#2 /opt/local/apache2/htdocs/caketemplate/source/public/Vendor/pear-pear.cakephp.org/CakePHP/Cake/Controller/Component/SecurityComponent.php(337): SecurityComponent->_callback(Object(LawsController), 'blackhole', Array)
#3 /opt/local/apache2/htdocs/caketemplate/source/public/Vendor/pear-pear.cakephp.org/CakePHP/Cake/Controller/Component/SecurityComponent.php(242): SecurityComponent->blackHole(Object(LawsController), 'csrf')
#4 [internal function]: SecurityComponent->startup(Object(LawsController))
#5 /opt/local/apache2/htdocs/caketemplate/source/public/Vendor/pear-pear.cakephp.org/CakePHP/Cake/Utility/ObjectCollection.php(129): call_user_func_array(Array, Array)
#6 [internal function]: ObjectCollection->trigger(Object(CakeEvent))
#7 /opt/local/apache2/htdocs/caketemplate/source/public/Vendor/pear-pear.cakephp.org/CakePHP/Cake/Event/CakeEventManager.php(244): call_user_func(Array, Object(CakeEvent))
#8 /opt/local/apache2/htdocs/caketemplate/source/public/Vendor/pear-pear.cakephp.org/CakePHP/Cake/Controller/Controller.php(675): CakeEventManager->dispatch(Object(CakeEvent))
#9 /opt/local/apache2/htdocs/caketemplate/source/public/Vendor/pear-pear.cakephp.org/CakePHP/Cake/Routing/Dispatcher.php(187): Controller->startupProcess()
#10 /opt/local/apache2/htdocs/caketemplate/source/public/Vendor/pear-pear.cakephp.org/CakePHP/Cake/Routing/Dispatcher.php(165): Dispatcher->_invoke(Object(LawsController), Object(CakeRequest))
#11 /opt/local/apache2/htdocs/caketemplate/source/public/webroot/index.php(110): Dispatcher->dispatch(Object(CakeRequest), Object(CakeResponse))
#12 {main}
2015-04-14 03:53:19 Error: [BadRequestException] Token Expired
Request URL: /deka2/laws/search
Stack Trace:
#0 [internal function]: AppController->blackhole('csrf')
#1 /opt/local/apache2/htdocs/caketemplate/source/public/Vendor/pear-pear.cakephp.org/CakePHP/Cake/Controller/Component/SecurityComponent.php(621): call_user_func_array(Array, Array)
#2 /opt/local/apache2/htdocs/caketemplate/source/public/Vendor/pear-pear.cakephp.org/CakePHP/Cake/Controller/Component/SecurityComponent.php(337): SecurityComponent->_callback(Object(LawsController), 'blackhole', Array)
#3 /opt/local/apache2/htdocs/caketemplate/source/public/Vendor/pear-pear.cakephp.org/CakePHP/Cake/Controller/Component/SecurityComponent.php(242): SecurityComponent->blackHole(Object(LawsController), 'csrf')
#4 [internal function]: SecurityComponent->startup(Object(LawsController))
#5 /opt/local/apache2/htdocs/caketemplate/source/public/Vendor/pear-pear.cakephp.org/CakePHP/Cake/Utility/ObjectCollection.php(129): call_user_func_array(Array, Array)
#6 [internal function]: ObjectCollection->trigger(Object(CakeEvent))
#7 /opt/local/apache2/htdocs/caketemplate/source/public/Vendor/pear-pear.cakephp.org/CakePHP/Cake/Event/CakeEventManager.php(244): call_user_func(Array, Object(CakeEvent))
#8 /opt/local/apache2/htdocs/caketemplate/source/public/Vendor/pear-pear.cakephp.org/CakePHP/Cake/Controller/Controller.php(675): CakeEventManager->dispatch(Object(CakeEvent))
#9 /opt/local/apache2/htdocs/caketemplate/source/public/Vendor/pear-pear.cakephp.org/CakePHP/Cake/Routing/Dispatcher.php(187): Controller->startupProcess()
#10 /opt/local/apache2/htdocs/caketemplate/source/public/Vendor/pear-pear.cakephp.org/CakePHP/Cake/Routing/Dispatcher.php(165): Dispatcher->_invoke(Object(LawsController), Object(CakeRequest))
#11 /opt/local/apache2/htdocs/caketemplate/source/public/webroot/index.php(110): Dispatcher->dispatch(Object(CakeRequest), Object(CakeResponse))
#12 {main}
2015-04-14 04:42:17 Error: [BadRequestException] Token Expired
Request URL: /deka2/laws/search
Stack Trace:
#0 [internal function]: AppController->blackhole('csrf')
#1 /opt/local/apache2/htdocs/caketemplate/source/public/Vendor/pear-pear.cakephp.org/CakePHP/Cake/Controller/Component/SecurityComponent.php(621): call_user_func_array(Array, Array)
#2 /opt/local/apache2/htdocs/caketemplate/source/public/Vendor/pear-pear.cakephp.org/CakePHP/Cake/Controller/Component/SecurityComponent.php(337): SecurityComponent->_callback(Object(LawsController), 'blackhole', Array)
#3 /opt/local/apache2/htdocs/caketemplate/source/public/Vendor/pear-pear.cakephp.org/CakePHP/Cake/Controller/Component/SecurityComponent.php(242): SecurityComponent->blackHole(Object(LawsController), 'csrf')
#4 [internal function]: SecurityComponent->startup(Object(LawsController))
#5 /opt/local/apache2/htdocs/caketemplate/source/public/Vendor/pear-pear.cakephp.org/CakePHP/Cake/Utility/ObjectCollection.php(129): call_user_func_array(Array, Array)
#6 [internal function]: ObjectCollection->trigger(Object(CakeEvent))
#7 /opt/local/apache2/htdocs/caketemplate/source/public/Vendor/pear-pear.cakephp.org/CakePHP/Cake/Event/CakeEventManager.php(244): call_user_func(Array, Object(CakeEvent))
#8 /opt/local/apache2/htdocs/caketemplate/source/public/Vendor/pear-pear.cakephp.org/CakePHP/Cake/Controller/Controller.php(675): CakeEventManager->dispatch(Object(CakeEvent))
#9 /opt/local/apache2/htdocs/caketemplate/source/public/Vendor/pear-pear.cakephp.org/CakePHP/Cake/Routing/Dispatcher.php(187): Controller->startupProcess()
#10 /opt/local/apache2/htdocs/caketemplate/source/public/Vendor/pear-pear.cakephp.org/CakePHP/Cake/Routing/Dispatcher.php(165): Dispatcher->_invoke(Object(LawsController), Object(CakeRequest))
#11 /opt/local/apache2/htdocs/caketemplate/source/public/webroot/index.php(110): Dispatcher->dispatch(Object(CakeRequest), Object(CakeResponse))
#12 {main}
2015-04-14 06:24:58 Error: [MissingActionException] Action LawsController::view() could not be found.
Exception Attributes: array (
  'controller' => 'LawsController',
  'action' => 'view',
)
Request URL: /deka2/laws/view/729
Stack Trace:
#0 /opt/local/apache2/htdocs/caketemplate/source/public/Vendor/pear-pear.cakephp.org/CakePHP/Cake/Routing/Dispatcher.php(191): Controller->invokeAction(Object(CakeRequest))
#1 /opt/local/apache2/htdocs/caketemplate/source/public/Vendor/pear-pear.cakephp.org/CakePHP/Cake/Routing/Dispatcher.php(165): Dispatcher->_invoke(Object(LawsController), Object(CakeRequest))
#2 /opt/local/apache2/htdocs/caketemplate/source/public/webroot/index.php(110): Dispatcher->dispatch(Object(CakeRequest), Object(CakeResponse))
#3 {main}
2015-04-14 06:36:39 Error: [MissingViewException] View file "/opt/local/apache2/htdocs/caketemplate/source/public/View/Laws/view.ctp" is missing.
Exception Attributes: array (
  'file' => '/opt/local/apache2/htdocs/caketemplate/source/public/View/Laws/view.ctp',
)
Request URL: /deka2/laws/view/737
Stack Trace:
#0 /opt/local/apache2/htdocs/caketemplate/source/public/Vendor/pear-pear.cakephp.org/CakePHP/Cake/View/View.php(468): View->_getViewFileName(NULL)
#1 /opt/local/apache2/htdocs/caketemplate/source/public/Vendor/pear-pear.cakephp.org/CakePHP/Cake/Controller/Controller.php(954): View->render(NULL, NULL)
#2 /opt/local/apache2/htdocs/caketemplate/source/public/Vendor/pear-pear.cakephp.org/CakePHP/Cake/Routing/Dispatcher.php(198): Controller->render()
#3 /opt/local/apache2/htdocs/caketemplate/source/public/Vendor/pear-pear.cakephp.org/CakePHP/Cake/Routing/Dispatcher.php(165): Dispatcher->_invoke(Object(LawsController), Object(CakeRequest))
#4 /opt/local/apache2/htdocs/caketemplate/source/public/webroot/index.php(110): Dispatcher->dispatch(Object(CakeRequest), Object(CakeResponse))
#5 {main}
2015-04-14 06:41:08 Error: Fatal Error (1): Call to undefined function nltobr() in [/opt/local/apache2/htdocs/caketemplate/source/public/View/Laws/view.ctp, line 9]
2015-04-14 06:41:08 Error: [FatalErrorException] Call to undefined function nltobr()
Request URL: /deka2/laws/view/737
Stack Trace:
#0 /opt/local/apache2/htdocs/caketemplate/source/public/Vendor/pear-pear.cakephp.org/CakePHP/Cake/Error/ErrorHandler.php(203): ErrorHandler::handleFatalError(1, 'Call to undefin...', '/opt/local/apac...', 9)
#1 [internal function]: ErrorHandler::handleError(1, 'Call to undefin...', '/opt/local/apac...', 9, Array)
#2 /opt/local/apache2/htdocs/caketemplate/source/public/Vendor/pear-pear.cakephp.org/CakePHP/Cake/Core/App.php(929): call_user_func('ErrorHandler::h...', 1, 'Call to undefin...', '/opt/local/apac...', 9, Array)
#3 /opt/local/apache2/htdocs/caketemplate/source/public/Vendor/pear-pear.cakephp.org/CakePHP/Cake/Core/App.php(902): App::_checkFatalError()
#4 [internal function]: App::shutdown()
#5 {main}
2015-04-14 06:41:46 Error: Fatal Error (4): syntax error, unexpected ';' in [/opt/local/apache2/htdocs/caketemplate/source/public/View/Laws/view.ctp, line 9]
2015-04-14 06:41:46 Error: [FatalErrorException] syntax error, unexpected ';'
Request URL: /deka2/laws/view/737
Stack Trace:
#0 /opt/local/apache2/htdocs/caketemplate/source/public/Vendor/pear-pear.cakephp.org/CakePHP/Cake/Error/ErrorHandler.php(203): ErrorHandler::handleFatalError(4, 'syntax error, u...', '/opt/local/apac...', 9)
#1 [internal function]: ErrorHandler::handleError(4, 'syntax error, u...', '/opt/local/apac...', 9, Array)
#2 /opt/local/apache2/htdocs/caketemplate/source/public/Vendor/pear-pear.cakephp.org/CakePHP/Cake/Core/App.php(929): call_user_func('ErrorHandler::h...', 4, 'syntax error, u...', '/opt/local/apac...', 9, Array)
#3 /opt/local/apache2/htdocs/caketemplate/source/public/Vendor/pear-pear.cakephp.org/CakePHP/Cake/Core/App.php(902): App::_checkFatalError()
#4 [internal function]: App::shutdown()
#5 {main}
2015-04-18 01:54:04 Error: [MissingControllerException] Controller class Deka2Controller could not be found.
Exception Attributes: array (
  'class' => 'Deka2Controller',
  'plugin' => NULL,
)
Request URL: /deka2/deka2/favicon.ico
Stack Trace:
#0 /opt/local/apache2/htdocs/caketemplate/source/public/webroot/index.php(110): Dispatcher->dispatch(Object(CakeRequest), Object(CakeResponse))
#1 {main}
2015-04-18 01:54:07 Error: [MissingControllerException] Controller class Deka2Controller could not be found.
Exception Attributes: array (
  'class' => 'Deka2Controller',
  'plugin' => NULL,
)
Request URL: /deka2/deka2/favicon.ico
Stack Trace:
#0 /opt/local/apache2/htdocs/caketemplate/source/public/webroot/index.php(110): Dispatcher->dispatch(Object(CakeRequest), Object(CakeResponse))
#1 {main}
2015-04-18 02:00:51 Error: [MissingViewException] View file "/opt/local/apache2/htdocs/caketemplate/source/public/View/Laws/bookmark_law.ctp" is missing.
Exception Attributes: array (
  'file' => '/opt/local/apache2/htdocs/caketemplate/source/public/View/Laws/bookmark_law.ctp',
)
Request URL: /deka2/laws/bookmarkLaw/729
Stack Trace:
#0 /opt/local/apache2/htdocs/caketemplate/source/public/Vendor/pear-pear.cakephp.org/CakePHP/Cake/View/View.php(468): View->_getViewFileName(NULL)
#1 /opt/local/apache2/htdocs/caketemplate/source/public/Vendor/pear-pear.cakephp.org/CakePHP/Cake/Controller/Controller.php(954): View->render(NULL, NULL)
#2 /opt/local/apache2/htdocs/caketemplate/source/public/Vendor/pear-pear.cakephp.org/CakePHP/Cake/Routing/Dispatcher.php(198): Controller->render()
#3 /opt/local/apache2/htdocs/caketemplate/source/public/Vendor/pear-pear.cakephp.org/CakePHP/Cake/Routing/Dispatcher.php(165): Dispatcher->_invoke(Object(LawsController), Object(CakeRequest))
#4 /opt/local/apache2/htdocs/caketemplate/source/public/webroot/index.php(110): Dispatcher->dispatch(Object(CakeRequest), Object(CakeResponse))
#5 {main}
2015-04-18 02:15:35 Error: Fatal Error (4): syntax error, unexpected '?>' in [/opt/local/apache2/htdocs/caketemplate/source/public/View/Laws/view.ctp, line 9]
2015-04-18 02:15:35 Error: [FatalErrorException] syntax error, unexpected '?>'
Request URL: /deka2/laws/view/736
Stack Trace:
#0 /opt/local/apache2/htdocs/caketemplate/source/public/Vendor/pear-pear.cakephp.org/CakePHP/Cake/Error/ErrorHandler.php(203): ErrorHandler::handleFatalError(4, 'syntax error, u...', '/opt/local/apac...', 9)
#1 [internal function]: ErrorHandler::handleError(4, 'syntax error, u...', '/opt/local/apac...', 9, Array)
#2 /opt/local/apache2/htdocs/caketemplate/source/public/Vendor/pear-pear.cakephp.org/CakePHP/Cake/Core/App.php(929): call_user_func('ErrorHandler::h...', 4, 'syntax error, u...', '/opt/local/apac...', 9, Array)
#3 /opt/local/apache2/htdocs/caketemplate/source/public/Vendor/pear-pear.cakephp.org/CakePHP/Cake/Core/App.php(902): App::_checkFatalError()
#4 [internal function]: App::shutdown()
#5 {main}
2015-04-20 15:06:18 Error: [MissingControllerException] Controller class Deka2Controller could not be found.
Exception Attributes: array (
  'class' => 'Deka2Controller',
  'plugin' => NULL,
)
Request URL: /deka2/deka2/favicon.ico
Stack Trace:
#0 /opt/local/apache2/htdocs/caketemplate/source/public/webroot/index.php(110): Dispatcher->dispatch(Object(CakeRequest), Object(CakeResponse))
#1 {main}
2015-04-20 15:06:19 Error: [MissingControllerException] Controller class Deka2Controller could not be found.
Exception Attributes: array (
  'class' => 'Deka2Controller',
  'plugin' => NULL,
)
Request URL: /deka2/deka2/favicon.ico
Stack Trace:
#0 /opt/local/apache2/htdocs/caketemplate/source/public/webroot/index.php(110): Dispatcher->dispatch(Object(CakeRequest), Object(CakeResponse))
#1 {main}
2015-04-20 15:06:32 Error: [MissingControllerException] Controller class Deka2Controller could not be found.
Exception Attributes: array (
  'class' => 'Deka2Controller',
  'plugin' => NULL,
)
Request URL: /deka2/deka2/favicon.ico
Stack Trace:
#0 /opt/local/apache2/htdocs/caketemplate/source/public/webroot/index.php(110): Dispatcher->dispatch(Object(CakeRequest), Object(CakeResponse))
#1 {main}
2015-04-20 15:06:32 Error: [MissingControllerException] Controller class Deka2Controller could not be found.
Exception Attributes: array (
  'class' => 'Deka2Controller',
  'plugin' => NULL,
)
Request URL: /deka2/deka2/favicon.ico
Stack Trace:
#0 /opt/local/apache2/htdocs/caketemplate/source/public/webroot/index.php(110): Dispatcher->dispatch(Object(CakeRequest), Object(CakeResponse))
#1 {main}
2015-04-20 15:09:06 Error: [MissingControllerException] Controller class Deka2Controller could not be found.
Exception Attributes: array (
  'class' => 'Deka2Controller',
  'plugin' => NULL,
)
Request URL: /deka2/deka2/favicon.ico
Stack Trace:
#0 /opt/local/apache2/htdocs/caketemplate/source/public/webroot/index.php(110): Dispatcher->dispatch(Object(CakeRequest), Object(CakeResponse))
#1 {main}
2015-04-20 15:09:06 Error: [MissingControllerException] Controller class Deka2Controller could not be found.
Exception Attributes: array (
  'class' => 'Deka2Controller',
  'plugin' => NULL,
)
Request URL: /deka2/deka2/favicon.ico
Stack Trace:
#0 /opt/local/apache2/htdocs/caketemplate/source/public/webroot/index.php(110): Dispatcher->dispatch(Object(CakeRequest), Object(CakeResponse))
#1 {main}
2015-04-20 15:09:26 Error: [MissingControllerException] Controller class Deka2Controller could not be found.
Exception Attributes: array (
  'class' => 'Deka2Controller',
  'plugin' => NULL,
)
Request URL: /deka2/deka2/favicon.ico
Stack Trace:
#0 /opt/local/apache2/htdocs/caketemplate/source/public/webroot/index.php(110): Dispatcher->dispatch(Object(CakeRequest), Object(CakeResponse))
#1 {main}
2015-04-20 15:09:26 Error: [MissingControllerException] Controller class Deka2Controller could not be found.
Exception Attributes: array (
  'class' => 'Deka2Controller',
  'plugin' => NULL,
)
Request URL: /deka2/deka2/favicon.ico
Stack Trace:
#0 /opt/local/apache2/htdocs/caketemplate/source/public/webroot/index.php(110): Dispatcher->dispatch(Object(CakeRequest), Object(CakeResponse))
#1 {main}
2015-04-20 15:09:45 Error: [MissingControllerException] Controller class Deka2Controller could not be found.
Exception Attributes: array (
  'class' => 'Deka2Controller',
  'plugin' => NULL,
)
Request URL: /deka2/deka2/favicon.ico
Stack Trace:
#0 /opt/local/apache2/htdocs/caketemplate/source/public/webroot/index.php(110): Dispatcher->dispatch(Object(CakeRequest), Object(CakeResponse))
#1 {main}
2015-04-20 15:09:46 Error: [MissingControllerException] Controller class Deka2Controller could not be found.
Exception Attributes: array (
  'class' => 'Deka2Controller',
  'plugin' => NULL,
)
Request URL: /deka2/deka2/favicon.ico
Stack Trace:
#0 /opt/local/apache2/htdocs/caketemplate/source/public/webroot/index.php(110): Dispatcher->dispatch(Object(CakeRequest), Object(CakeResponse))
#1 {main}
